<?xml version="1.0" encoding="UTF-8"?>
<coverage generated="1677876018895" clover="3.2.0">
  <project timestamp="1677876018895" name="All files">
    <metrics statements="23" coveredstatements="23" conditionals="14" coveredconditionals="14" methods="2" coveredmethods="2" elements="39" coveredelements="39" complexity="0" loc="23" ncloc="23" packages="2" files="2" classes="2"/>
    <package name="register-function">
      <metrics statements="20" coveredstatements="20" conditionals="14" coveredconditionals="14" methods="1" coveredmethods="1"/>
      <file name="register-handler-service.js" path="C:\Users\chris\OneDrive\Desktop\serverless\serverless-sam-backend\register-function\register-handler-service.js">
        <metrics statements="20" coveredstatements="20" conditionals="14" coveredconditionals="14" methods="1" coveredmethods="1"/>
        <line num="1" count="1" type="stmt"/>
        <line num="2" count="1" type="stmt"/>
        <line num="3" count="1" type="stmt"/>
        <line num="6" count="5" type="stmt"/>
        <line num="7" count="5" type="stmt"/>
        <line num="9" count="5" type="cond" truecount="4" falsecount="0"/>
        <line num="10" count="1" type="stmt"/>
        <line num="14" count="5" type="cond" truecount="4" falsecount="0"/>
        <line num="15" count="1" type="stmt"/>
        <line num="19" count="5" type="cond" truecount="2" falsecount="0"/>
        <line num="20" count="2" type="stmt"/>
        <line num="24" count="5" type="stmt"/>
        <line num="25" count="5" type="cond" truecount="2" falsecount="0"/>
        <line num="26" count="1" type="stmt"/>
        <line num="29" count="5" type="cond" truecount="2" falsecount="0"/>
        <line num="30" count="4" type="stmt"/>
        <line num="34" count="1" type="stmt"/>
        <line num="35" count="1" type="stmt"/>
        <line num="37" count="1" type="stmt"/>
        <line num="44" count="1" type="stmt"/>
      </file>
    </package>
    <package name="register-function.errors">
      <metrics statements="3" coveredstatements="3" conditionals="0" coveredconditionals="0" methods="1" coveredmethods="1"/>
      <file name="registration-error.js" path="C:\Users\chris\OneDrive\Desktop\serverless\serverless-sam-backend\register-function\errors\registration-error.js">
        <metrics statements="3" coveredstatements="3" conditionals="0" coveredconditionals="0" methods="1" coveredmethods="1"/>
        <line num="1" count="1" type="stmt"/>
        <line num="3" count="4" type="stmt"/>
        <line num="4" count="4" type="stmt"/>
      </file>
    </package>
  </project>
</coverage>
