{"C:\\Users\\chris\\OneDrive\\Desktop\\serverless\\serverless-sam-backend\\register-function\\register-handler-service.js": {"path":"C:\\Users\\chris\\OneDrive\\Desktop\\serverless\\serverless-sam-backend\\register-function\\register-handler-service.js","statementMap":{"0":{"start":{"line":1,"column":26},"end":{"line":1,"column":64}},"1":{"start":{"line":2,"column":15},"end":{"line":2,"column":34}},"2":{"start":{"line":3,"column":44},"end":{"line":3,"column":77}},"3":{"start":{"line":6,"column":20},"end":{"line":6,"column":68}},"4":{"start":{"line":7,"column":26},"end":{"line":7,"column":28}},"5":{"start":{"line":9,"column":4},"end":{"line":11,"column":5}},"6":{"start":{"line":10,"column":6},"end":{"line":10,"column":74}},"7":{"start":{"line":14,"column":4},"end":{"line":16,"column":5}},"8":{"start":{"line":15,"column":6},"end":{"line":15,"column":74}},"9":{"start":{"line":19,"column":4},"end":{"line":21,"column":5}},"10":{"start":{"line":20,"column":6},"end":{"line":20,"column":70}},"11":{"start":{"line":24,"column":17},"end":{"line":24,"column":55}},"12":{"start":{"line":25,"column":4},"end":{"line":27,"column":5}},"13":{"start":{"line":26,"column":6},"end":{"line":26,"column":54}},"14":{"start":{"line":29,"column":4},"end":{"line":31,"column":5}},"15":{"start":{"line":30,"column":6},"end":{"line":30,"column":49}},"16":{"start":{"line":34,"column":17},"end":{"line":34,"column":41}},"17":{"start":{"line":35,"column":17},"end":{"line":35,"column":50}},"18":{"start":{"line":37,"column":4},"end":{"line":41,"column":7}},"19":{"start":{"line":44,"column":0},"end":{"line":46,"column":1}}},"fnMap":{"0":{"name":"register","decl":{"start":{"line":5,"column":15},"end":{"line":5,"column":23}},"loc":{"start":{"line":5,"column":44},"end":{"line":42,"column":1}},"line":5}},"branchMap":{"0":{"loc":{"start":{"line":9,"column":4},"end":{"line":11,"column":5}},"type":"if","locations":[{"start":{"line":9,"column":4},"end":{"line":11,"column":5}},{"start":{},"end":{}}],"line":9},"1":{"loc":{"start":{"line":9,"column":10},"end":{"line":9,"column":55}},"type":"binary-expr","locations":[{"start":{"line":9,"column":10},"end":{"line":9,"column":30}},{"start":{"line":9,"column":34},"end":{"line":9,"column":55}}],"line":9},"2":{"loc":{"start":{"line":14,"column":4},"end":{"line":16,"column":5}},"type":"if","locations":[{"start":{"line":14,"column":4},"end":{"line":16,"column":5}},{"start":{},"end":{}}],"line":14},"3":{"loc":{"start":{"line":14,"column":10},"end":{"line":14,"column":55}},"type":"binary-expr","locations":[{"start":{"line":14,"column":10},"end":{"line":14,"column":30}},{"start":{"line":14,"column":34},"end":{"line":14,"column":55}}],"line":14},"4":{"loc":{"start":{"line":19,"column":4},"end":{"line":21,"column":5}},"type":"if","locations":[{"start":{"line":19,"column":4},"end":{"line":21,"column":5}},{"start":{},"end":{}}],"line":19},"5":{"loc":{"start":{"line":25,"column":4},"end":{"line":27,"column":5}},"type":"if","locations":[{"start":{"line":25,"column":4},"end":{"line":27,"column":5}},{"start":{},"end":{}}],"line":25},"6":{"loc":{"start":{"line":29,"column":4},"end":{"line":31,"column":5}},"type":"if","locations":[{"start":{"line":29,"column":4},"end":{"line":31,"column":5}},{"start":{},"end":{}}],"line":29}},"s":{"0":1,"1":1,"2":1,"3":5,"4":5,"5":5,"6":1,"7":5,"8":1,"9":5,"10":2,"11":5,"12":5,"13":1,"14":5,"15":4,"16":1,"17":1,"18":1,"19":1},"f":{"0":5},"b":{"0":[1,4],"1":[5,4],"2":[1,4],"3":[5,4],"4":[2,3],"5":[1,4],"6":[4,1]},"_coverageSchema":"1a1c01bbd47fc00a2c39e90264f33305004495a9","hash":"df115527b389e7015c4d816adb13917d1f227112"}
,"C:\\Users\\chris\\OneDrive\\Desktop\\serverless\\serverless-sam-backend\\register-function\\errors\\registration-error.js": {"path":"C:\\Users\\chris\\OneDrive\\Desktop\\serverless\\serverless-sam-backend\\register-function\\errors\\registration-error.js","statementMap":{"0":{"start":{"line":1,"column":0},"end":{"line":6,"column":1}},"1":{"start":{"line":3,"column":6},"end":{"line":3,"column":34}},"2":{"start":{"line":4,"column":6},"end":{"line":4,"column":27}}},"fnMap":{"0":{"name":"(anonymous_0)","decl":{"start":{"line":2,"column":4},"end":{"line":2,"column":5}},"loc":{"start":{"line":2,"column":24},"end":{"line":5,"column":5}},"line":2}},"branchMap":{},"s":{"0":1,"1":4,"2":4},"f":{"0":4},"b":{},"_coverageSchema":"1a1c01bbd47fc00a2c39e90264f33305004495a9","hash":"4ef03d03bad439d162d3a8c20a48ba889b1da1a7"}
}
