TN:
SF:register-handler-service.js
FN:5,register
FNF:1
FNH:1
FNDA:5,register
DA:1,1
DA:2,1
DA:3,1
DA:6,5
DA:7,5
DA:9,5
DA:10,1
DA:14,5
DA:15,1
DA:19,5
DA:20,2
DA:24,5
DA:25,5
DA:26,1
DA:29,5
DA:30,4
DA:34,1
DA:35,1
DA:37,1
DA:44,1
LF:20
LH:20
BRDA:9,0,0,1
BRDA:9,0,1,4
BRDA:9,1,0,5
BRDA:9,1,1,4
BRDA:14,2,0,1
BRDA:14,2,1,4
BRDA:14,3,0,5
BRDA:14,3,1,4
BRDA:19,4,0,2
BRDA:19,4,1,3
BRDA:25,5,0,1
BRDA:25,5,1,4
BRDA:29,6,0,4
BRDA:29,6,1,1
BRF:14
BRH:14
end_of_record
TN:
SF:errors\registration-error.js
FN:2,(anonymous_0)
FNF:1
FNH:1
FNDA:4,(anonymous_0)
DA:1,1
DA:3,4
DA:4,4
LF:3
LH:3
BRF:0
BRH:0
end_of_record
