{"C:\\Users\\garre\\Documents\\CodeExamples\\Project3\\serverless-sam-backend\\login-function\\login-errors.js": {"path":"C:\\Users\\garre\\Documents\\CodeExamples\\Project3\\serverless-sam-backend\\login-function\\login-errors.js","statementMap":{"0":{"start":{"line":2,"column":0},"end":{"line":7,"column":3}},"1":{"start":{"line":4,"column":6},"end":{"line":4,"column":27}},"2":{"start":{"line":5,"column":6},"end":{"line":5,"column":27}}},"fnMap":{"0":{"name":"(anonymous_0)","decl":{"start":{"line":3,"column":4},"end":{"line":3,"column":5}},"loc":{"start":{"line":3,"column":24},"end":{"line":6,"column":5}},"line":3}},"branchMap":{},"s":{"0":1,"1":2,"2":2},"f":{"0":2},"b":{},"_coverageSchema":"1a1c01bbd47fc00a2c39e90264f33305004495a9","hash":"92f02f1c74ee256b46ec246d78f12295bddefd28"}
,"C:\\Users\\garre\\Documents\\CodeExamples\\Project3\\serverless-sam-backend\\login-function\\login-service.js": {"path":"C:\\Users\\garre\\Documents\\CodeExamples\\Project3\\serverless-sam-backend\\login-function\\login-service.js","statementMap":{"0":{"start":{"line":2,"column":15},"end":{"line":2,"column":34}},"1":{"start":{"line":3,"column":33},"end":{"line":3,"column":55}},"2":{"start":{"line":4,"column":19},"end":{"line":4,"column":44}},"3":{"start":{"line":5,"column":22},"end":{"line":5,"column":45}},"4":{"start":{"line":9,"column":17},"end":{"line":9,"column":55}},"5":{"start":{"line":11,"column":19},"end":{"line":11,"column":21}},"6":{"start":{"line":12,"column":4},"end":{"line":16,"column":5}},"7":{"start":{"line":13,"column":6},"end":{"line":13,"column":38}},"8":{"start":{"line":14,"column":11},"end":{"line":16,"column":5}},"9":{"start":{"line":15,"column":6},"end":{"line":15,"column":38}},"10":{"start":{"line":18,"column":4},"end":{"line":20,"column":5}},"11":{"start":{"line":19,"column":6},"end":{"line":19,"column":35}},"12":{"start":{"line":22,"column":4},"end":{"line":22,"column":59}},"13":{"start":{"line":25,"column":0},"end":{"line":27,"column":1}}},"fnMap":{"0":{"name":"login","decl":{"start":{"line":8,"column":15},"end":{"line":8,"column":20}},"loc":{"start":{"line":8,"column":41},"end":{"line":23,"column":1}},"line":8}},"branchMap":{"0":{"loc":{"start":{"line":12,"column":4},"end":{"line":16,"column":5}},"type":"if","locations":[{"start":{"line":12,"column":4},"end":{"line":16,"column":5}},{"start":{"line":14,"column":11},"end":{"line":16,"column":5}}],"line":12},"1":{"loc":{"start":{"line":14,"column":11},"end":{"line":16,"column":5}},"type":"if","locations":[{"start":{"line":14,"column":11},"end":{"line":16,"column":5}},{"start":{},"end":{}}],"line":14},"2":{"loc":{"start":{"line":18,"column":4},"end":{"line":20,"column":5}},"type":"if","locations":[{"start":{"line":18,"column":4},"end":{"line":20,"column":5}},{"start":{},"end":{}}],"line":18}},"s":{"0":1,"1":1,"2":1,"3":1,"4":3,"5":3,"6":3,"7":1,"8":2,"9":1,"10":3,"11":2,"12":1,"13":1},"f":{"0":3},"b":{"0":[1,2],"1":[1,1],"2":[2,1]},"_coverageSchema":"1a1c01bbd47fc00a2c39e90264f33305004495a9","hash":"4366cd446ed7560adb895ab14cdce5776518428b"}
}
